#
# A fatal error has been detected by the Java Runtime Environment:
#
#  EXCEPTION_ACCESS_VIOLATION (0xc0000005) at pc=0x00007ff9ecd8dd9a, pid=10040, tid=8292
#
# JRE version: Java(TM) SE Runtime Environment (17.0.3.1+2) (build 17.0.3.1+2-LTS-6)
# Java VM: Java HotSpot(TM) 64-Bit Server VM (17.0.3.1+2-LTS-6, mixed mode, sharing, tiered, compressed oops, compressed class ptrs, g1 gc, windows-amd64)
# Problematic frame:
# V  [jvm.dll+0x73dd9a]
#
# No core dump will be written. Minidumps are not enabled by default on client versions of Windows
#
# If you would like to submit a bug report, please visit:
#   https://bugreport.java.com/bugreport/crash.jsp
#

---------------  S U M M A R Y ------------

Command Line: -XX:+ShowCodeDetailsInExceptionMessages -agentlib:jdwp=transport=dt_socket,suspend=y,address=localhost:1239 -ea -javaagent:D:\Programs\Java\eclipse\eclipse\configuration\org.eclipse.osgi\225\0\.cp\lib\javaagent-shaded.jar -Dfile.encoding=Cp1251 org.eclipse.jdt.internal.junit.runner.RemoteTestRunner -version 3 -port 1238 -testLoaderClass org.eclipse.jdt.internal.junit5.runner.JUnit5TestLoader -loaderpluginname org.eclipse.jdt.junit5.runtime -packageNameFile C:\Users\Michael\AppData\Local\Temp\packageNames3200365463228733601.txt

Host: Intel(R) Core(TM) i5-4210U CPU @ 1.70GHz, 4 cores, 7G,  Windows 10 , 64 bit Build 19041 (10.0.19041.1889)
Time: Fri Sep  2 18:35:51 2022 Jerusalem Daylight Time elapsed time: 1909.330587 seconds (0d 0h 31m 49s)

---------------  T H R E A D  ---------------

Current thread (0x00000206fb4df400):  JavaThread "JDWP Transport Listener: dt_socket" daemon [_thread_in_vm, id=8292, stack(0x000000d85f600000,0x000000d85f700000)]

Stack: [0x000000d85f600000,0x000000d85f700000],  sp=0x000000d85f6ff390,  free space=1020k
Native frames: (J=compiled Java code, j=interpreted, Vv=VM code, C=native code)
V  [jvm.dll+0x73dd9a]
V  [jvm.dll+0x5050bc]
V  [jvm.dll+0x4d09d4]
C  [jdwp.dll+0x22e9f]


siginfo: EXCEPTION_ACCESS_VIOLATION (0xc0000005), reading address 0x0000000000660066


Register to memory mapping:

RIP=0x00007ff9ecd8dd9a jvm.dll
RAX=0x0000000000000067 is an unknown value
RBX=0x00000206fa8ce4ac points into unknown readable memory: 69 74 3b 00
RCX=0x0000000000660062 is an unknown value
RDX=0x00000206fbbe47c0 points into unknown readable memory: 0x2f6e61726c65744c | 4c 74 65 6c 72 61 6e 2f
RSP=0x000000d85f6ff390 is pointing into the stack for thread: 0x00000206fb4df400
RBP=0x00000206fb53a2b0 points into unknown readable memory: 0x0000000000000002 | 02 00 00 00 00 00 00 00
RSI=0x0 is NULL
RDI=0xffffffffffffffff is an unknown value
R8 =0x000000000000012c is an unknown value
R9 =0x0000000000000040 is an unknown value
R10=0x0000000000000100 is an unknown value
R11=0x000000d85f6ff3b0 is pointing into the stack for thread: 0x00000206fb4df400
R12=0x000000d85f6ff4e8 is pointing into the stack for thread: 0x00000206fb4df400
R13=0x0 is NULL
R14=0x0000000800d18ce0 is a pointer to class: 
telran.measure.LengthUnit {0x0000000800d18ce8}
 - instance size:     3
 - klass size:        72
 - access:            public final synchronized 
 - state:             fully_initialized
 - name:              'telran/measure/LengthUnit'
 - super:             'java/lang/Enum'
 - sub:               
 - arrays:            'telran/measure/LengthUnit'[]
 - methods:           Array<T>(0x00000206fb0a7bb8)
 - method ordering:   Array<T>(0x00000206fb06d830)
 - default_methods:   Array<T>(0x0000000000000000)
 - local interfaces:  Array<T>(0x00000008005cf800)
 - trans. interfaces: Array<T>(0x00000008005d53c0)
 - constants:         constant pool [113] {0x00000206fb0ae820} for 'telran/measure/LengthUnit' cache=0x00000206fb269fd8
 - class loader data:  loader data: 0x00000206fb46b580 for instance a 'jdk/internal/loader/ClassLoaders$AppClassLoader'{0x0000000081200000}
 - source file:       'LengthUnit.java'
 - source debug extension:       SMAP
LengthUnit.java
Java
*S jdt
*F
1 LengthUnit.java
2 file:/D:/Programs/Java/eclipse-workspace/enumerations/bin/
*L
*E

 - class annotations:       Array<T>(0x0000000000000000)
 - class type annotations:  Array<T>(0x0000000000000000)
 - field annotations:       Array<T>(0x0000000000000000)
 - field type annotations:  Array<T>(0x0000000000000000)
 - generic signature: '
[error occurred during error reporting (printing register info), id 0xc0000005, EXCEPTION_ACCESS_VIOLATION (0xc0000005) at pc=0x00007ff9ecd8e9a6]

Registers:
RAX=0x0000000000000067, RBX=0x00000206fa8ce4ac, RCX=0x0000000000660062, RDX=0x00000206fbbe47c0
RSP=0x000000d85f6ff390, RBP=0x00000206fb53a2b0, RSI=0x0000000000000000, RDI=0xffffffffffffffff
R8 =0x000000000000012c, R9 =0x0000000000000040, R10=0x0000000000000100, R11=0x000000d85f6ff3b0
R12=0x000000d85f6ff4e8, R13=0x0000000000000000, R14=0x0000000800d18ce0, R15=0x000000d85f6ff538
RIP=0x00007ff9ecd8dd9a, EFLAGS=0x0000000000010206

Top of Stack: (sp=0x000000d85f6ff390)
0x000000d85f6ff390:   0000000000000019 0000000800d18ce0
0x000000d85f6ff3a0:   00000206fb4df400 0000000000000000
0x000000d85f6ff3b0:   ffffffffffffffff 00007ff9ecb550bc
0x000000d85f6ff3c0:   00000206fa8ce4ac 00000206fa8ce490
0x000000d85f6ff3d0:   00000206fb53a2b0 00000206fc003100
0x000000d85f6ff3e0:   00000206fa8ce460 00000000000003d8
0x000000d85f6ff3f0:   00000206fa8ce470 00000206fa8ce848
0x000000d85f6ff400:   0000000000000002 000000d85f6ff4e8
0x000000d85f6ff410:   0000000000000000 0000000000000000
0x000000d85f6ff420:   00000000884f1700 00007ff9ecb209d4
0x000000d85f6ff430:   00000206fb4df400 000000d85f6ff538
0x000000d85f6ff440:   00000206e9fcedd0 000000d85f6ff538
0x000000d85f6ff450:   00000206fb4df400 0000000000000000
0x000000d85f6ff460:   0000020600000000 0000000000000000
0x000000d85f6ff470:   000000000000000d 00007ffa49402e9f
0x000000d85f6ff480:   000000d85f6ff530 00007ffa49411830 

Instructions: (pc=0x00007ff9ecd8dd9a)
0x00007ff9ecd8dc9a:   48 83 c4 20 5f e9 4c 6e 96 ff cc cc cc cc cc cc
0x00007ff9ecd8dcaa:   cc cc cc cc cc cc 48 89 5c 24 08 57 48 83 ec 20
0x00007ff9ecd8dcba:   83 fa 02 8d 42 06 b9 08 00 00 00 49 8b d8 0f 4e
0x00007ff9ecd8dcca:   c1 48 63 c8 48 83 c1 07 83 e1 f8 48 63 f9 49 8b
0x00007ff9ecd8dcda:   48 18 48 8b c7 48 f7 d0 48 3b c1 73 16 4c 8d 05
0x00007ff9ecd8dcea:   6a 4b 17 00 48 8b d7 48 8b cb e8 57 d1 96 ff 48
0x00007ff9ecd8dcfa:   8b 4b 18 48 8d 04 39 48 3b 43 20 76 18 45 33 c0
0x00007ff9ecd8dd0a:   48 8b d7 48 8b cb 48 8b 5c 24 30 48 83 c4 20 5f
0x00007ff9ecd8dd1a:   e9 b1 cd 96 ff 48 89 43 18 48 8b c1 48 8b 5c 24
0x00007ff9ecd8dd2a:   30 48 83 c4 20 5f c3 cc cc cc cc cc cc cc cc cc
0x00007ff9ecd8dd3a:   cc cc cc cc cc cc 4c 8b d2 4c 8b d9 45 85 c0 7e
0x00007ff9ecd8dd4a:   3c 44 0f b7 49 04 41 8d 40 ff 41 3b c1 44 0f 4c
0x00007ff9ecd8dd5a:   c8 4d 63 c1 45 85 c9 7e 1f 48 8b c2 4c 2b da 49
0x00007ff9ecd8dd6a:   8b d0 0f 1f 40 00 41 0f b6 4c 03 06 88 08 48 8d
0x00007ff9ecd8dd7a:   40 01 48 83 ea 01 75 ee 43 c6 04 10 00 49 8b c2
0x00007ff9ecd8dd8a:   c3 cc cc cc cc cc 48 89 5c 24 08 57 48 83 ec 20
0x00007ff9ecd8dd9a:   0f b7 59 04 48 8b f9 33 d2 48 8d 4b 01 e8 14 96
0x00007ff9ecd8ddaa:   f8 ff 0f b7 57 04 4c 8b c0 3b da 0f 42 d3 44 8b
0x00007ff9ecd8ddba:   ca 85 d2 74 39 48 2b f8 0f 1f 40 00 66 66 0f 1f
0x00007ff9ecd8ddca:   84 00 00 00 00 00 0f b6 4c 07 06 88 08 48 ff c0
0x00007ff9ecd8ddda:   48 8b c8 49 2b c8 49 3b c9 7c eb 42 c6 04 02 00
0x00007ff9ecd8ddea:   49 8b c0 48 8b 5c 24 30 48 83 c4 20 5f c3 48 8b
0x00007ff9ecd8ddfa:   5c 24 30 c6 04 02 00 48 83 c4 20 5f c3 cc cc cc
0x00007ff9ecd8de0a:   cc cc cc cc cc cc 4c 8b d1 45 85 c0 7e 6c 44 0f
0x00007ff9ecd8de1a:   b7 49 04 41 8d 40 ff 41 3b c1 44 0f 4c c8 4d 63
0x00007ff9ecd8de2a:   d9 45 85 c9 7e 22 48 8b ca 4c 2b d2 4d 8b c3 0f
0x00007ff9ecd8de3a:   1f 80 00 00 00 00 41 0f b6 44 0a 06 88 01 48 8d
0x00007ff9ecd8de4a:   49 01 49 83 e8 01 75 ee 41 c6 04 13 00 48 c7 c0
0x00007ff9ecd8de5a:   ff ff ff ff 66 90 48 ff c0 80 3c 02 00 75 f7 48
0x00007ff9ecd8de6a:   63 c8 85 c0 48 8b c2 7e 14 80 38 2f 75 03 c6 00
0x00007ff9ecd8de7a:   2e 48 ff c0 48 83 e9 01 75 ef 48 8b c2 c3 cc cc
0x00007ff9ecd8de8a:   cc cc cc cc cc cc 48 83 ec 28 e8 f7 fe ff ff 4c 


Stack slot to memory mapping:
stack at sp + 0 slots: 0x0000000000000019 is an unknown value
stack at sp + 1 slots: 0x0000000800d18ce0 is a pointer to class: 
telran.measure.LengthUnit {0x0000000800d18ce8}
 - instance size:     3
 - klass size:        72
 - access:            public final synchronized 
 - state:             fully_initialized
 - name:              'telran/measure/LengthUnit'
 - super:             'java/lang/Enum'
 - sub:               
 - arrays:            'telran/measure/LengthUnit'[]
 - methods:           Array<T>(0x00000206fb0a7bb8)
 - method ordering:   Array<T>(0x00000206fb06d830)
 - default_methods:   Array<T>(0x0000000000000000)
 - local interfaces:  Array<T>(0x00000008005cf800)
 - trans. interfaces: Array<T>(0x00000008005d53c0)
 - constants:         constant pool [113] {0x00000206fb0ae820} for 'telran/measure/LengthUnit' cache=0x00000206fb269fd8
 - class loader data:  loader data: 0x00000206fb46b580 for instance a 'jdk/internal/loader/ClassLoaders$AppClassLoader'{0x0000000081200000}
 - source file:       'LengthUnit.java'
 - source debug extension:       SMAP
LengthUnit.java
Java
*S jdt
*F
1 LengthUnit.java
2 file:/D:/Programs/Java/eclipse-workspace/enumerations/bin/
*L
*E

 - class annotations:       Array<T>(0x0000000000000000)
 - class type annotations:  Array<T>(0x0000000000000000)
 - field annotations:       Array<T>(0x0000000000000000)
 - field type annotations:  Array<T>(0x0000000000000000)
 - generic signature: '
[error occurred during error reporting (inspecting top of stack), id 0xc0000005, EXCEPTION_ACCESS_VIOLATION (0xc0000005) at pc=0x00007ff9ecd8e9a6]


---------------  P R O C E S S  ---------------

Threads class SMR info:
_java_thread_list=0x00000206fc0053b0, length=16, elements={
0x00000206ea0c7e80, 0x00000206fa8aaae0, 0x00000206fa8ac050, 0x00000206fa8c1fd0,
0x00000206fa8c2e00, 0x00000206fa8c43d0, 0x00000206fa8c77a0, 0x00000206fa8d2dc0,
0x00000206fa8d3b60, 0x00000206fa91ec90, 0x00000206fa8c8140, 0x00000206fb4df400,
0x00000206fb4e22b0, 0x00000206fb4e33d0, 0x00000206fa8c6930, 0x00000206fa8c6e00
}

Java Threads: ( => current thread )
  0x00000206ea0c7e80 JavaThread "main" [_thread_blocked, id=14328, stack(0x000000d85e500000,0x000000d85e600000)]
  0x00000206fa8aaae0 JavaThread "Reference Handler" daemon [_thread_blocked, id=7784, stack(0x000000d85ec00000,0x000000d85ed00000)]
  0x00000206fa8ac050 JavaThread "Finalizer" daemon [_thread_blocked, id=1504, stack(0x000000d85ed00000,0x000000d85ee00000)]
  0x00000206fa8c1fd0 JavaThread "Signal Dispatcher" daemon [_thread_blocked, id=9912, stack(0x000000d85ee00000,0x000000d85ef00000)]
  0x00000206fa8c2e00 JavaThread "Attach Listener" daemon [_thread_blocked, id=13908, stack(0x000000d85ef00000,0x000000d85f000000)]
  0x00000206fa8c43d0 JavaThread "Service Thread" daemon [_thread_blocked, id=3220, stack(0x000000d85f000000,0x000000d85f100000)]
  0x00000206fa8c77a0 JavaThread "Monitor Deflation Thread" daemon [_thread_blocked, id=5256, stack(0x000000d85f100000,0x000000d85f200000)]
  0x00000206fa8d2dc0 JavaThread "C2 CompilerThread0" daemon [_thread_blocked, id=8844, stack(0x000000d85f200000,0x000000d85f300000)]
  0x00000206fa8d3b60 JavaThread "C1 CompilerThread0" daemon [_thread_blocked, id=12640, stack(0x000000d85f300000,0x000000d85f400000)]
  0x00000206fa91ec90 JavaThread "Sweeper thread" daemon [_thread_blocked, id=8508, stack(0x000000d85f400000,0x000000d85f500000)]
  0x00000206fa8c8140 JavaThread "Common-Cleaner" daemon [_thread_blocked, id=4532, stack(0x000000d85f500000,0x000000d85f600000)]
=>0x00000206fb4df400 JavaThread "JDWP Transport Listener: dt_socket" daemon [_thread_in_vm, id=8292, stack(0x000000d85f600000,0x000000d85f700000)]
  0x00000206fb4e22b0 JavaThread "JDWP Event Helper Thread" daemon [_thread_blocked, id=11140, stack(0x000000d85f700000,0x000000d85f800000)]
  0x00000206fb4e33d0 JavaThread "JDWP Command Reader" daemon [_thread_in_native, id=2768, stack(0x000000d85f800000,0x000000d85f900000)]
  0x00000206fa8c6930 JavaThread "Notification Thread" daemon [_thread_blocked, id=4716, stack(0x000000d85fa00000,0x000000d85fb00000)]
  0x00000206fa8c6e00 JavaThread "ReaderThread" [_thread_in_native, id=3352, stack(0x000000d85ff00000,0x000000d860000000)]

Other Threads:
  0x00000206fa8a29a0 VMThread "VM Thread" [stack: 0x000000d85eb00000,0x000000d85ec00000] [id=12648]
  0x00000206ea13bcd0 WatcherThread [stack: 0x000000d85fb00000,0x000000d85fc00000] [id=3436]
  0x00000206ea120a00 GCTaskThread "GC Thread#0" [stack: 0x000000d85e600000,0x000000d85e700000] [id=3480]
  0x00000206fbf8cdc0 GCTaskThread "GC Thread#1" [stack: 0x000000d85fc00000,0x000000d85fd00000] [id=4688]
  0x00000206fbf8d070 GCTaskThread "GC Thread#2" [stack: 0x000000d85fd00000,0x000000d85fe00000] [id=676]
  0x00000206fbd63a70 GCTaskThread "GC Thread#3" [stack: 0x000000d85fe00000,0x000000d85ff00000] [id=8080]
  0x00000206ea131f70 ConcurrentGCThread "G1 Main Marker" [stack: 0x000000d85e700000,0x000000d85e800000] [id=8704]
  0x00000206ea132980 ConcurrentGCThread "G1 Conc#0" [stack: 0x000000d85e800000,0x000000d85e900000] [id=4600]
  0x00000206ea19e4e0 ConcurrentGCThread "G1 Refine#0" [stack: 0x000000d85e900000,0x000000d85ea00000] [id=3708]
  0x00000206ea19eb10 ConcurrentGCThread "G1 Service" [stack: 0x000000d85ea00000,0x000000d85eb00000] [id=11460]

Threads with active compile tasks:

VM state: not at safepoint (normal execution)

VM Mutex/Monitor currently owned by a thread: None

Heap address: 0x0000000081200000, size: 2030 MB, Compressed Oops mode: 32-bit

CDS archive(s) mapped at: [0x0000000800000000-0x0000000800bc0000-0x0000000800bc0000), size 12320768, SharedBaseAddress: 0x0000000800000000, ArchiveRelocationMode: 0.
Compressed class space mapped at: 0x0000000800c00000-0x0000000840c00000, reserved size: 1073741824
Narrow klass base: 0x0000000800000000, Narrow klass shift: 0, Narrow klass range: 0x100000000

GC Precious Log:
 CPUs: 4 total, 4 available
 Memory: 8119M
 Large Page Support: Disabled
 NUMA Support: Disabled
 Compressed Oops: Enabled (32-bit)
 Heap Region Size: 1M
 Heap Min Capacity: 8M
 Heap Initial Capacity: 128M
 Heap Max Capacity: 2030M
 Pre-touch: Disabled
 Parallel Workers: 4
 Concurrent Workers: 1
 Concurrent Refinement Workers: 4
 Periodic GC: Disabled

Heap:
 garbage-first heap   total 131072K, used 18297K [0x0000000081200000, 0x0000000100000000)
  region size 1024K, 17 young (17408K), 1 survivors (1024K)
 Metaspace       used 7461K, committed 7616K, reserved 1056768K
  class space    used 874K, committed 960K, reserved 1048576K

Heap Regions: E=young(eden), S=young(survivor), O=old, HS=humongous(starts), HC=humongous(continues), CS=collection set, F=free, OA=open archive, CA=closed archive, TAMS=top-at-mark-start (previous, next)
|   0|0x0000000081200000, 0x0000000081300000, 0x0000000081300000|100%| O|  |TAMS 0x0000000081200000, 0x0000000081200000| Untracked 
|   1|0x0000000081300000, 0x00000000813f8c00, 0x0000000081400000| 97%| O|  |TAMS 0x0000000081300000, 0x0000000081300000| Untracked 
|   2|0x0000000081400000, 0x0000000081400000, 0x0000000081500000|  0%| F|  |TAMS 0x0000000081400000, 0x0000000081400000| Untracked 
|   3|0x0000000081500000, 0x0000000081500000, 0x0000000081600000|  0%| F|  |TAMS 0x0000000081500000, 0x0000000081500000| Untracked 
|   4|0x0000000081600000, 0x0000000081600000, 0x0000000081700000|  0%| F|  |TAMS 0x0000000081600000, 0x0000000081600000| Untracked 
|   5|0x0000000081700000, 0x0000000081700000, 0x0000000081800000|  0%| F|  |TAMS 0x0000000081700000, 0x0000000081700000| Untracked 
|   6|0x0000000081800000, 0x0000000081800000, 0x0000000081900000|  0%| F|  |TAMS 0x0000000081800000, 0x0000000081800000| Untracked 
|   7|0x0000000081900000, 0x0000000081900000, 0x0000000081a00000|  0%| F|  |TAMS 0x0000000081900000, 0x0000000081900000| Untracked 
|   8|0x0000000081a00000, 0x0000000081a00000, 0x0000000081b00000|  0%| F|  |TAMS 0x0000000081a00000, 0x0000000081a00000| Untracked 
|   9|0x0000000081b00000, 0x0000000081b00000, 0x0000000081c00000|  0%| F|  |TAMS 0x0000000081b00000, 0x0000000081b00000| Untracked 
|  10|0x0000000081c00000, 0x0000000081c00000, 0x0000000081d00000|  0%| F|  |TAMS 0x0000000081c00000, 0x0000000081c00000| Untracked 
|  11|0x0000000081d00000, 0x0000000081d00000, 0x0000000081e00000|  0%| F|  |TAMS 0x0000000081d00000, 0x0000000081d00000| Untracked 
|  12|0x0000000081e00000, 0x0000000081e00000, 0x0000000081f00000|  0%| F|  |TAMS 0x0000000081e00000, 0x0000000081e00000| Untracked 
|  13|0x0000000081f00000, 0x0000000081f00000, 0x0000000082000000|  0%| F|  |TAMS 0x0000000081f00000, 0x0000000081f00000| Untracked 
|  14|0x0000000082000000, 0x0000000082000000, 0x0000000082100000|  0%| F|  |TAMS 0x0000000082000000, 0x0000000082000000| Untracked 
|  15|0x0000000082100000, 0x0000000082100000, 0x0000000082200000|  0%| F|  |TAMS 0x0000000082100000, 0x0000000082100000| Untracked 
|  16|0x0000000082200000, 0x0000000082200000, 0x0000000082300000|  0%| F|  |TAMS 0x0000000082200000, 0x0000000082200000| Untracked 
|  17|0x0000000082300000, 0x0000000082300000, 0x0000000082400000|  0%| F|  |TAMS 0x0000000082300000, 0x0000000082300000| Untracked 
|  18|0x0000000082400000, 0x0000000082400000, 0x0000000082500000|  0%| F|  |TAMS 0x0000000082400000, 0x0000000082400000| Untracked 
|  19|0x0000000082500000, 0x0000000082500000, 0x0000000082600000|  0%| F|  |TAMS 0x0000000082500000, 0x0000000082500000| Untracked 
|  20|0x0000000082600000, 0x0000000082600000, 0x0000000082700000|  0%| F|  |TAMS 0x0000000082600000, 0x0000000082600000| Untracked 
|  21|0x0000000082700000, 0x0000000082700000, 0x0000000082800000|  0%| F|  |TAMS 0x0000000082700000, 0x0000000082700000| Untracked 
|  22|0x0000000082800000, 0x0000000082800000, 0x0000000082900000|  0%| F|  |TAMS 0x0000000082800000, 0x0000000082800000| Untracked 
|  23|0x0000000082900000, 0x0000000082900000, 0x0000000082a00000|  0%| F|  |TAMS 0x0000000082900000, 0x0000000082900000| Untracked 
|  24|0x0000000082a00000, 0x0000000082a00000, 0x0000000082b00000|  0%| F|  |TAMS 0x0000000082a00000, 0x0000000082a00000| Untracked 
|  25|0x0000000082b00000, 0x0000000082b00000, 0x0000000082c00000|  0%| F|  |TAMS 0x0000000082b00000, 0x0000000082b00000| Untracked 
|  26|0x0000000082c00000, 0x0000000082c00000, 0x0000000082d00000|  0%| F|  |TAMS 0x0000000082c00000, 0x0000000082c00000| Untracked 
|  27|0x0000000082d00000, 0x0000000082d00000, 0x0000000082e00000|  0%| F|  |TAMS 0x0000000082d00000, 0x0000000082d00000| Untracked 
|  28|0x0000000082e00000, 0x0000000082e00000, 0x0000000082f00000|  0%| F|  |TAMS 0x0000000082e00000, 0x0000000082e00000| Untracked 
|  29|0x0000000082f00000, 0x0000000082f00000, 0x0000000083000000|  0%| F|  |TAMS 0x0000000082f00000, 0x0000000082f00000| Untracked 
|  30|0x0000000083000000, 0x0000000083000000, 0x0000000083100000|  0%| F|  |TAMS 0x0000000083000000, 0x0000000083000000| Untracked 
|  31|0x0000000083100000, 0x0000000083100000, 0x0000000083200000|  0%| F|  |TAMS 0x0000000083100000, 0x0000000083100000| Untracked 
|  32|0x0000000083200000, 0x0000000083200000, 0x0000000083300000|  0%| F|  |TAMS 0x0000000083200000, 0x0000000083200000| Untracked 
|  33|0x0000000083300000, 0x0000000083300000, 0x0000000083400000|  0%| F|  |TAMS 0x0000000083300000, 0x0000000083300000| Untracked 
|  34|0x0000000083400000, 0x0000000083400000, 0x0000000083500000|  0%| F|  |TAMS 0x0000000083400000, 0x0000000083400000| Untracked 
|  35|0x0000000083500000, 0x0000000083500000, 0x0000000083600000|  0%| F|  |TAMS 0x0000000083500000, 0x0000000083500000| Untracked 
|  36|0x0000000083600000, 0x0000000083600000, 0x0000000083700000|  0%| F|  |TAMS 0x0000000083600000, 0x0000000083600000| Untracked 
|  37|0x0000000083700000, 0x0000000083700000, 0x0000000083800000|  0%| F|  |TAMS 0x0000000083700000, 0x0000000083700000| Untracked 
|  38|0x0000000083800000, 0x0000000083800000, 0x0000000083900000|  0%| F|  |TAMS 0x0000000083800000, 0x0000000083800000| Untracked 
|  39|0x0000000083900000, 0x0000000083900000, 0x0000000083a00000|  0%| F|  |TAMS 0x0000000083900000, 0x0000000083900000| Untracked 
|  40|0x0000000083a00000, 0x0000000083a00000, 0x0000000083b00000|  0%| F|  |TAMS 0x0000000083a00000, 0x0000000083a00000| Untracked 
|  41|0x0000000083b00000, 0x0000000083b00000, 0x0000000083c00000|  0%| F|  |TAMS 0x0000000083b00000, 0x0000000083b00000| Untracked 
|  42|0x0000000083c00000, 0x0000000083c00000, 0x0000000083d00000|  0%| F|  |TAMS 0x0000000083c00000, 0x0000000083c00000| Untracked 
|  43|0x0000000083d00000, 0x0000000083d00000, 0x0000000083e00000|  0%| F|  |TAMS 0x0000000083d00000, 0x0000000083d00000| Untracked 
|  44|0x0000000083e00000, 0x0000000083e00000, 0x0000000083f00000|  0%| F|  |TAMS 0x0000000083e00000, 0x0000000083e00000| Untracked 
|  45|0x0000000083f00000, 0x0000000083f00000, 0x0000000084000000|  0%| F|  |TAMS 0x0000000083f00000, 0x0000000083f00000| Untracked 
|  46|0x0000000084000000, 0x0000000084000000, 0x0000000084100000|  0%| F|  |TAMS 0x0000000084000000, 0x0000000084000000| Untracked 
|  47|0x0000000084100000, 0x0000000084100000, 0x0000000084200000|  0%| F|  |TAMS 0x0000000084100000, 0x0000000084100000| Untracked 
|  48|0x0000000084200000, 0x0000000084200000, 0x0000000084300000|  0%| F|  |TAMS 0x0000000084200000, 0x0000000084200000| Untracked 
|  49|0x0000000084300000, 0x0000000084300000, 0x0000000084400000|  0%| F|  |TAMS 0x0000000084300000, 0x0000000084300000| Untracked 
|  50|0x0000000084400000, 0x0000000084400000, 0x0000000084500000|  0%| F|  |TAMS 0x0000000084400000, 0x0000000084400000| Untracked 
|  51|0x0000000084500000, 0x0000000084500000, 0x0000000084600000|  0%| F|  |TAMS 0x0000000084500000, 0x0000000084500000| Untracked 
|  52|0x0000000084600000, 0x0000000084600000, 0x0000000084700000|  0%| F|  |TAMS 0x0000000084600000, 0x0000000084600000| Untracked 
|  53|0x0000000084700000, 0x0000000084700000, 0x0000000084800000|  0%| F|  |TAMS 0x0000000084700000, 0x0000000084700000| Untracked 
|  54|0x0000000084800000, 0x0000000084800000, 0x0000000084900000|  0%| F|  |TAMS 0x0000000084800000, 0x0000000084800000| Untracked 
|  55|0x0000000084900000, 0x0000000084900000, 0x0000000084a00000|  0%| F|  |TAMS 0x0000000084900000, 0x0000000084900000| Untracked 
|  56|0x0000000084a00000, 0x0000000084a00000, 0x0000000084b00000|  0%| F|  |TAMS 0x0000000084a00000, 0x0000000084a00000| Untracked 
|  57|0x0000000084b00000, 0x0000000084b00000, 0x0000000084c00000|  0%| F|  |TAMS 0x0000000084b00000, 0x0000000084b00000| Untracked 
|  58|0x0000000084c00000, 0x0000000084c00000, 0x0000000084d00000|  0%| F|  |TAMS 0x0000000084c00000, 0x0000000084c00000| Untracked 
|  59|0x0000000084d00000, 0x0000000084d00000, 0x0000000084e00000|  0%| F|  |TAMS 0x0000000084d00000, 0x0000000084d00000| Untracked 
|  60|0x0000000084e00000, 0x0000000084e00000, 0x0000000084f00000|  0%| F|  |TAMS 0x0000000084e00000, 0x0000000084e00000| Untracked 
|  61|0x0000000084f00000, 0x0000000084f00000, 0x0000000085000000|  0%| F|  |TAMS 0x0000000084f00000, 0x0000000084f00000| Untracked 
|  62|0x0000000085000000, 0x0000000085000000, 0x0000000085100000|  0%| F|  |TAMS 0x0000000085000000, 0x0000000085000000| Untracked 
|  63|0x0000000085100000, 0x0000000085100000, 0x0000000085200000|  0%| F|  |TAMS 0x0000000085100000, 0x0000000085100000| Untracked 
|  64|0x0000000085200000, 0x0000000085200000, 0x0000000085300000|  0%| F|  |TAMS 0x0000000085200000, 0x0000000085200000| Untracked 
|  65|0x0000000085300000, 0x0000000085300000, 0x0000000085400000|  0%| F|  |TAMS 0x0000000085300000, 0x0000000085300000| Untracked 
|  66|0x0000000085400000, 0x0000000085400000, 0x0000000085500000|  0%| F|  |TAMS 0x0000000085400000, 0x0000000085400000| Untracked 
|  67|0x0000000085500000, 0x0000000085500000, 0x0000000085600000|  0%| F|  |TAMS 0x0000000085500000, 0x0000000085500000| Untracked 
|  68|0x0000000085600000, 0x0000000085600000, 0x0000000085700000|  0%| F|  |TAMS 0x0000000085600000, 0x0000000085600000| Untracked 
|  69|0x0000000085700000, 0x0000000085700000, 0x0000000085800000|  0%| F|  |TAMS 0x0000000085700000, 0x0000000085700000| Untracked 
|  70|0x0000000085800000, 0x0000000085800000, 0x0000000085900000|  0%| F|  |TAMS 0x0000000085800000, 0x0000000085800000| Untracked 
|  71|0x0000000085900000, 0x0000000085900000, 0x0000000085a00000|  0%| F|  |TAMS 0x0000000085900000, 0x0000000085900000| Untracked 
|  72|0x0000000085a00000, 0x0000000085a00000, 0x0000000085b00000|  0%| F|  |TAMS 0x0000000085a00000, 0x0000000085a00000| Untracked 
|  73|0x0000000085b00000, 0x0000000085b00000, 0x0000000085c00000|  0%| F|  |TAMS 0x0000000085b00000, 0x0000000085b00000| Untracked 
|  74|0x0000000085c00000, 0x0000000085c00000, 0x0000000085d00000|  0%| F|  |TAMS 0x0000000085c00000, 0x0000000085c00000| Untracked 
|  75|0x0000000085d00000, 0x0000000085d00000, 0x0000000085e00000|  0%| F|  |TAMS 0x0000000085d00000, 0x0000000085d00000| Untracked 
|  76|0x0000000085e00000, 0x0000000085e00000, 0x0000000085f00000|  0%| F|  |TAMS 0x0000000085e00000, 0x0000000085e00000| Untracked 
|  77|0x0000000085f00000, 0x0000000085f00000, 0x0000000086000000|  0%| F|  |TAMS 0x0000000085f00000, 0x0000000085f00000| Untracked 
|  78|0x0000000086000000, 0x0000000086000000, 0x0000000086100000|  0%| F|  |TAMS 0x0000000086000000, 0x0000000086000000| Untracked 
|  79|0x0000000086100000, 0x0000000086100000, 0x0000000086200000|  0%| F|  |TAMS 0x0000000086100000, 0x0000000086100000| Untracked 
|  80|0x0000000086200000, 0x0000000086200000, 0x0000000086300000|  0%| F|  |TAMS 0x0000000086200000, 0x0000000086200000| Untracked 
|  81|0x0000000086300000, 0x0000000086300000, 0x0000000086400000|  0%| F|  |TAMS 0x0000000086300000, 0x0000000086300000| Untracked 
|  82|0x0000000086400000, 0x0000000086400000, 0x0000000086500000|  0%| F|  |TAMS 0x0000000086400000, 0x0000000086400000| Untracked 
|  83|0x0000000086500000, 0x0000000086500000, 0x0000000086600000|  0%| F|  |TAMS 0x0000000086500000, 0x0000000086500000| Untracked 
|  84|0x0000000086600000, 0x0000000086600000, 0x0000000086700000|  0%| F|  |TAMS 0x0000000086600000, 0x0000000086600000| Untracked 
|  85|0x0000000086700000, 0x0000000086700000, 0x0000000086800000|  0%| F|  |TAMS 0x0000000086700000, 0x0000000086700000| Untracked 
|  86|0x0000000086800000, 0x0000000086800000, 0x0000000086900000|  0%| F|  |TAMS 0x0000000086800000, 0x0000000086800000| Untracked 
|  87|0x0000000086900000, 0x0000000086900000, 0x0000000086a00000|  0%| F|  |TAMS 0x0000000086900000, 0x0000000086900000| Untracked 
|  88|0x0000000086a00000, 0x0000000086a00000, 0x0000000086b00000|  0%| F|  |TAMS 0x0000000086a00000, 0x0000000086a00000| Untracked 
|  89|0x0000000086b00000, 0x0000000086b00000, 0x0000000086c00000|  0%| F|  |TAMS 0x0000000086b00000, 0x0000000086b00000| Untracked 
|  90|0x0000000086c00000, 0x0000000086c00000, 0x0000000086d00000|  0%| F|  |TAMS 0x0000000086c00000, 0x0000000086c00000| Untracked 
|  91|0x0000000086d00000, 0x0000000086d00000, 0x0000000086e00000|  0%| F|  |TAMS 0x0000000086d00000, 0x0000000086d00000| Untracked 
|  92|0x0000000086e00000, 0x0000000086e00000, 0x0000000086f00000|  0%| F|  |TAMS 0x0000000086e00000, 0x0000000086e00000| Untracked 
|  93|0x0000000086f00000, 0x0000000086f00000, 0x0000000087000000|  0%| F|  |TAMS 0x0000000086f00000, 0x0000000086f00000| Untracked 
|  94|0x0000000087000000, 0x0000000087000000, 0x0000000087100000|  0%| F|  |TAMS 0x0000000087000000, 0x0000000087000000| Untracked 
|  95|0x0000000087100000, 0x0000000087100000, 0x0000000087200000|  0%| F|  |TAMS 0x0000000087100000, 0x0000000087100000| Untracked 
|  96|0x0000000087200000, 0x0000000087200000, 0x0000000087300000|  0%| F|  |TAMS 0x0000000087200000, 0x0000000087200000| Untracked 
|  97|0x0000000087300000, 0x0000000087300000, 0x0000000087400000|  0%| F|  |TAMS 0x0000000087300000, 0x0000000087300000| Untracked 
|  98|0x0000000087400000, 0x0000000087400000, 0x0000000087500000|  0%| F|  |TAMS 0x0000000087400000, 0x0000000087400000| Untracked 
|  99|0x0000000087500000, 0x0000000087500000, 0x0000000087600000|  0%| F|  |TAMS 0x0000000087500000, 0x0000000087500000| Untracked 
| 100|0x0000000087600000, 0x0000000087600000, 0x0000000087700000|  0%| F|  |TAMS 0x0000000087600000, 0x0000000087600000| Untracked 
| 101|0x0000000087700000, 0x0000000087700000, 0x0000000087800000|  0%| F|  |TAMS 0x0000000087700000, 0x0000000087700000| Untracked 
| 102|0x0000000087800000, 0x0000000087800000, 0x0000000087900000|  0%| F|  |TAMS 0x0000000087800000, 0x0000000087800000| Untracked 
| 103|0x0000000087900000, 0x0000000087900000, 0x0000000087a00000|  0%| F|  |TAMS 0x0000000087900000, 0x0000000087900000| Untracked 
| 104|0x0000000087a00000, 0x0000000087a00000, 0x0000000087b00000|  0%| F|  |TAMS 0x0000000087a00000, 0x0000000087a00000| Untracked 
| 105|0x0000000087b00000, 0x0000000087b00000, 0x0000000087c00000|  0%| F|  |TAMS 0x0000000087b00000, 0x0000000087b00000| Untracked 
| 106|0x0000000087c00000, 0x0000000087c00000, 0x0000000087d00000|  0%| F|  |TAMS 0x0000000087c00000, 0x0000000087c00000| Untracked 
| 107|0x0000000087d00000, 0x0000000087d00000, 0x0000000087e00000|  0%| F|  |TAMS 0x0000000087d00000, 0x0000000087d00000| Untracked 
| 108|0x0000000087e00000, 0x0000000087e00000, 0x0000000087f00000|  0%| F|  |TAMS 0x0000000087e00000, 0x0000000087e00000| Untracked 
| 109|0x0000000087f00000, 0x0000000087fe5ab0, 0x0000000088000000| 89%| S|CS|TAMS 0x0000000087f00000, 0x0000000087f00000| Complete 
| 110|0x0000000088000000, 0x0000000088000000, 0x0000000088100000|  0%| F|  |TAMS 0x0000000088000000, 0x0000000088000000| Untracked 
| 111|0x0000000088100000, 0x0000000088100000, 0x0000000088200000|  0%| F|  |TAMS 0x0000000088100000, 0x0000000088100000| Untracked 
| 112|0x0000000088200000, 0x0000000088280800, 0x0000000088300000| 50%| E|  |TAMS 0x0000000088200000, 0x0000000088200000| Complete 
| 113|0x0000000088300000, 0x0000000088400000, 0x0000000088400000|100%| E|CS|TAMS 0x0000000088300000, 0x0000000088300000| Complete 
| 114|0x0000000088400000, 0x0000000088500000, 0x0000000088500000|100%| E|CS|TAMS 0x0000000088400000, 0x0000000088400000| Complete 
| 115|0x0000000088500000, 0x0000000088600000, 0x0000000088600000|100%| E|CS|TAMS 0x0000000088500000, 0x0000000088500000| Complete 
| 116|0x0000000088600000, 0x0000000088700000, 0x0000000088700000|100%| E|CS|TAMS 0x0000000088600000, 0x0000000088600000| Complete 
| 117|0x0000000088700000, 0x0000000088800000, 0x0000000088800000|100%| E|CS|TAMS 0x0000000088700000, 0x0000000088700000| Complete 
| 118|0x0000000088800000, 0x0000000088900000, 0x0000000088900000|100%| E|CS|TAMS 0x0000000088800000, 0x0000000088800000| Complete 
| 119|0x0000000088900000, 0x0000000088a00000, 0x0000000088a00000|100%| E|CS|TAMS 0x0000000088900000, 0x0000000088900000| Complete 
| 120|0x0000000088a00000, 0x0000000088b00000, 0x0000000088b00000|100%| E|CS|TAMS 0x0000000088a00000, 0x0000000088a00000| Complete 
| 121|0x0000000088b00000, 0x0000000088c00000, 0x0000000088c00000|100%| E|CS|TAMS 0x0000000088b00000, 0x0000000088b00000| Complete 
| 122|0x0000000088c00000, 0x0000000088d00000, 0x0000000088d00000|100%| E|CS|TAMS 0x0000000088c00000, 0x0000000088c00000| Complete 
| 123|0x0000000088d00000, 0x0000000088e00000, 0x0000000088e00000|100%| E|CS|TAMS 0x0000000088d00000, 0x0000000088d00000| Complete 
| 124|0x0000000088e00000, 0x0000000088f00000, 0x0000000088f00000|100%| E|CS|TAMS 0x0000000088e00000, 0x0000000088e00000| Complete 
| 125|0x0000000088f00000, 0x0000000089000000, 0x0000000089000000|100%| E|CS|TAMS 0x0000000088f00000, 0x0000000088f00000| Complete 
| 126|0x0000000089000000, 0x0000000089100000, 0x0000000089100000|100%| E|CS|TAMS 0x0000000089000000, 0x0000000089000000| Complete 
| 127|0x0000000089100000, 0x0000000089200000, 0x0000000089200000|100%| E|CS|TAMS 0x0000000089100000, 0x0000000089100000| Complete 

Card table byte_map: [0x00000206f3b90000,0x00000206f3f90000] _byte_map_base: 0x00000206f3787000

Marking Bits (Prev, Next): (CMBitMap*) 0x00000206ea121010, (CMBitMap*) 0x00000206ea121050
 Prev Bits: [0x00000206f4390000, 0x00000206f6348000)
 Next Bits: [0x00000206f6350000, 0x00000206f8308000)

Polling page: 0x00000206e9e80000

Metaspace:

Usage:
  Non-class:      6.43 MB used.
      Class:    874.96 KB used.
       Both:      7.29 MB used.

Virtual space:
  Non-class space:        8.00 MB reserved,       6.50 MB ( 81%) committed,  1 nodes.
      Class space:        1.00 GB reserved,     960.00 KB ( <1%) committed,  1 nodes.
             Both:        1.01 GB reserved,       7.44 MB ( <1%) committed. 

Chunk freelists:
   Non-Class:  592.00 KB
       Class:  2.89 MB
        Both:  3.47 MB

MaxMetaspaceSize: unlimited
CompressedClassSpaceSize: 1.00 GB
Initial GC threshold: 21.00 MB
Current GC threshold: 21.00 MB
CDS: on
MetaspaceReclaimPolicy: balanced
 - commit_granule_bytes: 65536.
 - commit_granule_words: 8192.
 - virtual_space_node_default_size: 1048576.
 - enlarge_chunks_in_place: 1.
 - new_chunks_are_fully_committed: 0.
 - uncommit_free_chunks: 1.
 - use_allocation_guard: 0.
 - handle_deallocations: 1.


Internal statistics:

num_allocs_failed_limit: 0.
num_arena_births: 98.
num_arena_deaths: 0.
num_vsnodes_births: 2.
num_vsnodes_deaths: 0.
num_space_committed: 119.
num_space_uncommitted: 0.
num_chunks_returned_to_freelist: 0.
num_chunks_taken_from_freelist: 296.
num_chunk_merges: 0.
num_chunk_splits: 157.
num_chunks_enlarged: 94.
num_purges: 0.
num_inconsistent_stats: 0.

CodeHeap 'non-profiled nmethods': size=120000Kb used=545Kb max_used=545Kb free=119454Kb
 bounds [0x0000020687ad0000, 0x0000020687d40000, 0x000002068f000000]
CodeHeap 'profiled nmethods': size=120000Kb used=3475Kb max_used=3475Kb free=116525Kb
 bounds [0x00000206805a0000, 0x0000020680910000, 0x0000020687ad0000]
CodeHeap 'non-nmethods': size=5760Kb used=1232Kb max_used=1251Kb free=4527Kb
 bounds [0x0000020680000000, 0x0000020680270000, 0x00000206805a0000]
 total_blobs=2031 nmethods=1581 adapters=362
 compilation: enabled
              stopped_count=0, restarted_count=0
 full_count=0

Compilation events (20 events):
Event: 1.840 Thread 0x00000206fa8d3b60 1572       3       java.lang.AbstractStringBuilder::appendChars (207 bytes)
Event: 1.842 Thread 0x00000206fa8d3b60 nmethod 1572 0x00000206808fd910 code [0x00000206808fdbc0, 0x00000206808feb88]
Event: 1.842 Thread 0x00000206fa8d3b60 1573       3       java.lang.AbstractStringBuilder::append (63 bytes)
Event: 1.842 Thread 0x00000206fa8d3b60 nmethod 1573 0x00000206808ff190 code [0x00000206808ff380, 0x00000206808ff928]
Event: 1.842 Thread 0x00000206fa8d3b60 1575       3       java.lang.Integer::<init> (10 bytes)
Event: 1.842 Thread 0x00000206fa8d3b60 nmethod 1575 0x00000206808ffa90 code [0x00000206808ffc40, 0x00000206808ffe18]
Event: 1.842 Thread 0x00000206fa8d3b60 1574   !   3       java.lang.reflect.Executable::declaredAnnotations (85 bytes)
Event: 1.843 Thread 0x00000206fa8d3b60 nmethod 1574 0x00000206808fff10 code [0x0000020680900140, 0x0000020680900b28]
Event: 1.843 Thread 0x00000206fa8d3b60 1580       3       java.util.ArrayList$Itr::next (66 bytes)
Event: 1.844 Thread 0x00000206fa8d3b60 nmethod 1580 0x0000020680900f10 code [0x0000020680901100, 0x0000020680901508]
Event: 1.844 Thread 0x00000206fa8d3b60 1576       3       org.junit.platform.engine.UniqueIdFormat::checkDoesNotContain (24 bytes)
Event: 1.845 Thread 0x00000206fa8d3b60 nmethod 1576 0x0000020680901790 code [0x0000020680901a20, 0x0000020680902968]
Event: 1.845 Thread 0x00000206fa8d3b60 1577       3       java.lang.invoke.Invokers$Holder::linkToTargetMethod (10 bytes)
Event: 1.846 Thread 0x00000206fa8d3b60 nmethod 1577 0x0000020680902e10 code [0x0000020680902fc0, 0x00000206809033b8]
Event: 1.846 Thread 0x00000206fa8d3b60 1578       3       java.lang.invoke.LambdaForm$DMH/0x0000000800cb4400::newInvokeSpecial (24 bytes)
Event: 1.846 Thread 0x00000206fa8d3b60 nmethod 1578 0x0000020680903490 code [0x0000020680903680, 0x0000020680903e48]
Event: 1.846 Thread 0x00000206fa8d3b60 1579       3       org.junit.platform.engine.UniqueIdFormat$$Lambda$231/0x0000000800cb1410::<init> (15 bytes)
Event: 1.846 Thread 0x00000206fa8d3b60 nmethod 1579 0x0000020680904010 code [0x00000206809041a0, 0x0000020680904358]
Event: 121.492 Thread 0x00000206fa8d3b60 1581       3       java.lang.ref.ReferenceQueue::reallyPoll (65 bytes)
Event: 121.492 Thread 0x00000206fa8d3b60 nmethod 1581 0x0000020680904410 code [0x00000206809045e0, 0x0000020680904b18]

GC Heap History (4 events):
Event: 0.982 GC heap before
{Heap before GC invocations=0 (full 0):
 garbage-first heap   total 131072K, used 13312K [0x0000000081200000, 0x0000000100000000)
  region size 1024K, 13 young (13312K), 0 survivors (0K)
 Metaspace       used 3360K, committed 3456K, reserved 1056768K
  class space    used 299K, committed 384K, reserved 1048576K
}
Event: 0.987 GC heap after
{Heap after GC invocations=1 (full 0):
 garbage-first heap   total 131072K, used 2048K [0x0000000081200000, 0x0000000100000000)
  region size 1024K, 2 young (2048K), 2 survivors (2048K)
 Metaspace       used 3360K, committed 3456K, reserved 1056768K
  class space    used 299K, committed 384K, reserved 1048576K
}
Event: 1.469 GC heap before
{Heap before GC invocations=1 (full 0):
 garbage-first heap   total 131072K, used 18432K [0x0000000081200000, 0x0000000100000000)
  region size 1024K, 18 young (18432K), 2 survivors (2048K)
 Metaspace       used 5765K, committed 5952K, reserved 1056768K
  class space    used 621K, committed 704K, reserved 1048576K
}
Event: 1.474 GC heap after
{Heap after GC invocations=2 (full 0):
 garbage-first heap   total 131072K, used 2937K [0x0000000081200000, 0x0000000100000000)
  region size 1024K, 1 young (1024K), 1 survivors (1024K)
 Metaspace       used 5765K, committed 5952K, reserved 1056768K
  class space    used 621K, committed 704K, reserved 1048576K
}

Deoptimization events (20 events):
Event: 1.676 Thread 0x00000206ea0c7e80 DEOPT PACKING pc=0x0000020687b4d6c8 sp=0x000000d85e5fd800
Event: 1.676 Thread 0x00000206ea0c7e80 DEOPT UNPACKING pc=0x00000206800523a3 sp=0x000000d85e5fd788 mode 2
Event: 1.736 Thread 0x00000206ea0c7e80 DEOPT PACKING pc=0x000002068064696b sp=0x000000d85e5fc700
Event: 1.736 Thread 0x00000206ea0c7e80 DEOPT UNPACKING pc=0x0000020680052b43 sp=0x000000d85e5fbc28 mode 0
Event: 1.750 Thread 0x00000206ea0c7e80 Uncommon trap: trap_request=0xffffff45 fr.pc=0x0000020687af50cc relative=0x000000000000080c
Event: 1.750 Thread 0x00000206ea0c7e80 Uncommon trap: reason=unstable_if action=reinterpret pc=0x0000020687af50cc method=org.eclipse.jdt.launching.internal.org.objectweb.asm.ClassReader.readUtf(II[C)Ljava/lang/String; @ 41 c2
Event: 1.750 Thread 0x00000206ea0c7e80 DEOPT PACKING pc=0x0000020687af50cc sp=0x000000d85e5fa420
Event: 1.750 Thread 0x00000206ea0c7e80 DEOPT UNPACKING pc=0x00000206800523a3 sp=0x000000d85e5fa408 mode 2
Event: 1.750 Thread 0x00000206ea0c7e80 Uncommon trap: trap_request=0xffffff45 fr.pc=0x0000020687b4bd5c relative=0x00000000000005bc
Event: 1.750 Thread 0x00000206ea0c7e80 Uncommon trap: reason=unstable_if action=reinterpret pc=0x0000020687b4bd5c method=java.lang.String.hashCode()I @ 20 c2
Event: 1.750 Thread 0x00000206ea0c7e80 DEOPT PACKING pc=0x0000020687b4bd5c sp=0x000000d85e5fa4c0
Event: 1.750 Thread 0x00000206ea0c7e80 DEOPT UNPACKING pc=0x00000206800523a3 sp=0x000000d85e5fa3a0 mode 2
Event: 1.750 Thread 0x00000206ea0c7e80 Uncommon trap: trap_request=0xffffff45 fr.pc=0x0000020687ad8d30 relative=0x00000000000001b0
Event: 1.750 Thread 0x00000206ea0c7e80 Uncommon trap: reason=unstable_if action=reinterpret pc=0x0000020687ad8d30 method=java.lang.String.isLatin1()Z @ 10 c2
Event: 1.750 Thread 0x00000206ea0c7e80 DEOPT PACKING pc=0x0000020687ad8d30 sp=0x000000d85e5fa410
Event: 1.750 Thread 0x00000206ea0c7e80 DEOPT UNPACKING pc=0x00000206800523a3 sp=0x000000d85e5fa340 mode 2
Event: 1.752 Thread 0x00000206ea0c7e80 Uncommon trap: trap_request=0xffffff45 fr.pc=0x0000020687ae4c48 relative=0x0000000000000048
Event: 1.752 Thread 0x00000206ea0c7e80 Uncommon trap: reason=unstable_if action=reinterpret pc=0x0000020687ae4c48 method=java.lang.CharacterData.of(I)Ljava/lang/CharacterData; @ 4 c2
Event: 1.752 Thread 0x00000206ea0c7e80 DEOPT PACKING pc=0x0000020687ae4c48 sp=0x000000d85e5fbd90
Event: 1.752 Thread 0x00000206ea0c7e80 DEOPT UNPACKING pc=0x00000206800523a3 sp=0x000000d85e5fbd30 mode 2

Classes unloaded (0 events):
No events

Classes redefined (2 events):
Event: 384.444 Thread 0x00000206fa8a29a0 redefined class name=telran.measure.LengthUnit, count=1
Event: 1908.361 Thread 0x00000206fa8a29a0 redefined class name=telran.measure.LengthUnit, count=2

Internal exceptions (20 events):
Event: 1.443 Thread 0x00000206ea0c7e80 Exception <a 'java/lang/NoSuchMethodError'{0x0000000088035fb8}: 'java.lang.Object java.lang.invoke.DirectMethodHandle$Holder.invokeStatic(java.lang.Object, java.lang.Object, int)'> (0x0000000088035fb8) 
thrown [t:\workspace\open\src\hotspot\share\interpreter\linkResolver.cpp, line 766]
Event: 1.458 Thread 0x00000206ea0c7e80 Exception <a 'java/lang/NoSuchMethodError'{0x00000000880ab7b0}: 'void java.lang.invoke.DirectMethodHandle$Holder.invokeSpecial(java.lang.Object, java.lang.Object, java.lang.Object, java.lang.Object, java.lang.Object)'> (0x00000000880ab7b0) 
thrown [t:\workspace\open\src\hotspot\share\interpreter\linkResolver.cpp, line 766]
Event: 1.482 Thread 0x00000206ea0c7e80 Exception <a 'sun/nio/fs/WindowsException'{0x00000000891a5790}> (0x00000000891a5790) 
thrown [t:\workspace\open\src\hotspot\share\prims\jni.cpp, line 516]
Event: 1.535 Thread 0x00000206ea0c7e80 Exception <a 'sun/nio/fs/WindowsException'{0x0000000088ebc0e0}> (0x0000000088ebc0e0) 
thrown [t:\workspace\open\src\hotspot\share\prims\jni.cpp, line 516]
Event: 1.571 Thread 0x00000206ea0c7e80 Exception <a 'java/lang/NoSuchMethodError'{0x0000000088c0bd58}: 'java.lang.Object java.lang.invoke.DirectMethodHandle$Holder.newInvokeSpecial(java.lang.Object, java.lang.Object, int)'> (0x0000000088c0bd58) 
thrown [t:\workspace\open\src\hotspot\share\interpreter\linkResolver.cpp, line 766]
Event: 1.591 Thread 0x00000206ea0c7e80 Exception <a 'java/lang/NoSuchMethodError'{0x0000000088c84f28}: 'void java.lang.invoke.DirectMethodHandle$Holder.invokeInterface(java.lang.Object, java.lang.Object, java.lang.Object, java.lang.Object)'> (0x0000000088c84f28) 
thrown [t:\workspace\open\src\hotspot\share\interpreter\linkResolver.cpp, line 766]
Event: 1.592 Thread 0x00000206ea0c7e80 Exception <a 'java/lang/IncompatibleClassChangeError'{0x0000000088c88850}: Found class java.lang.Object, but interface was expected> (0x0000000088c88850) 
thrown [t:\workspace\open\src\hotspot\share\interpreter\linkResolver.cpp, line 833]
Event: 1.597 Thread 0x00000206ea0c7e80 Exception <a 'java/lang/NoSuchMethodError'{0x0000000088cacd48}: 'void java.lang.invoke.DirectMethodHandle$Holder.invokeStatic(java.lang.Object, java.lang.Object, java.lang.Object, java.lang.Object)'> (0x0000000088cacd48) 
thrown [t:\workspace\open\src\hotspot\share\interpreter\linkResolver.cpp, line 766]
Event: 1.617 Thread 0x00000206ea0c7e80 Exception <a 'java/lang/NoSuchMethodError'{0x0000000088b8ffa8}: 'int java.lang.invoke.DirectMethodHandle$Holder.invokeStatic(java.lang.Object, java.lang.Object, java.lang.Object, java.lang.Object)'> (0x0000000088b8ffa8) 
thrown [t:\workspace\open\src\hotspot\share\interpreter\linkResolver.cpp, line 766]
Event: 1.618 Thread 0x00000206ea0c7e80 Exception <a 'java/lang/NoSuchMethodError'{0x0000000088b93928}: 'java.lang.Object java.lang.invoke.Invokers$Holder.invokeExact_MT(java.lang.Object, java.lang.Object, java.lang.Object, java.lang.Object, java.lang.Object, java.lang.Object)'> (0x0000000088b93928) 
thrown [t:\workspace\open\src\hotspot\share\interpreter\linkResolver.cpp, line 766]
Event: 1.620 Thread 0x00000206ea0c7e80 Exception <a 'java/lang/NoSuchMethodError'{0x0000000088ba3fc0}: 'int java.lang.invoke.DirectMethodHandle$Holder.invokeStatic(java.lang.Object, java.lang.Object, java.lang.Object, java.lang.Object, java.lang.Object)'> (0x0000000088ba3fc0) 
thrown [t:\workspace\open\src\hotspot\share\interpreter\linkResolver.cpp, line 766]
Event: 1.679 Thread 0x00000206ea0c7e80 Exception <a 'java/lang/NoSuchMethodError'{0x0000000088736e00}: 'int java.lang.invoke.DirectMethodHandle$Holder.invokeStaticInit(java.lang.Object, java.lang.Object)'> (0x0000000088736e00) 
thrown [t:\workspace\open\src\hotspot\share\interpreter\linkResolver.cpp, line 766]
Event: 1.718 Thread 0x00000206ea0c7e80 Exception <a 'java/lang/NoSuchMethodError'{0x000000008866b968}: 'java.lang.Object java.lang.invoke.DirectMethodHandle$Holder.newInvokeSpecial(java.lang.Object, java.lang.Object, java.lang.Object, java.lang.Object, java.lang.Object, java.lang.Object, java.lang.Object)'> (0x000000008866b968) 
thrown [t:\workspace\open\src\hotspot\share\interpreter\linkResolver.cpp, line 766]
Event: 1.718 Thread 0x00000206ea0c7e80 Exception <a 'java/lang/NoSuchMethodError'{0x0000000088670520}: 'java.lang.Object java.lang.invoke.Invokers$Holder.linkToTargetMethod(java.lang.Object, java.lang.Object, java.lang.Object, java.lang.Object, java.lang.Object, java.lang.Object, java.lang.Object)'> (0x0000000088670520) 
thrown [t:\workspace\open\src\hotspot\share\interpreter\linkResolver.cpp, line 766]
Event: 1.719 Thread 0x00000206ea0c7e80 Exception <a 'java/lang/NoSuchMethodError'{0x00000000886769e8}: 'java.lang.Object java.lang.invoke.DirectMethodHandle$Holder.invokeInterface(java.lang.Object, java.lang.Object, java.lang.Object, java.lang.Object, java.lang.Object)'> (0x00000000886769e8) 
thrown [t:\workspace\open\src\hotspot\share\interpreter\linkResolver.cpp, line 766]
Event: 1.720 Thread 0x00000206ea0c7e80 Exception <a 'java/lang/IncompatibleClassChangeError'{0x000000008867a7e0}: Found class java.lang.Object, but interface was expected> (0x000000008867a7e0) 
thrown [t:\workspace\open\src\hotspot\share\interpreter\linkResolver.cpp, line 833]
Event: 1.800 Thread 0x00000206ea0c7e80 Exception <a 'java/lang/NoSuchMethodError'{0x00000000884f9ca0}: 'int java.lang.invoke.DirectMethodHandle$Holder.invokeInterface(java.lang.Object, java.lang.Object)'> (0x00000000884f9ca0) 
thrown [t:\workspace\open\src\hotspot\share\interpreter\linkResolver.cpp, line 766]
Event: 1.805 Thread 0x00000206ea0c7e80 Exception <a 'java/lang/IncompatibleClassChangeError'{0x000000008830a918}: Found class java.lang.Object, but interface was expected> (0x000000008830a918) 
thrown [t:\workspace\open\src\hotspot\share\interpreter\linkResolver.cpp, line 833]
Event: 1.814 Thread 0x00000206ea0c7e80 Exception <a 'java/lang/reflect/InvocationTargetException'{0x0000000088327288}> (0x0000000088327288) 
thrown [t:\workspace\open\src\hotspot\share\runtime\reflection.cpp, line 1121]
Event: 1.834 Thread 0x00000206ea0c7e80 Exception <a 'java/lang/reflect/InvocationTargetException'{0x0000000088379f58}> (0x0000000088379f58) 
thrown [t:\workspace\open\src\hotspot\share\runtime\reflection.cpp, line 1121]

VM Operations (20 events):
Event: 385.043 Executing VM operation: get/set locals
Event: 385.043 Executing VM operation: get/set locals done
Event: 385.044 Executing VM operation: get/set locals
Event: 385.044 Executing VM operation: get/set locals done
Event: 1908.340 Executing VM operation: ChangeSingleStep
Event: 1908.340 Executing VM operation: ChangeSingleStep done
Event: 1908.345 Executing VM operation: ChangeSingleStep
Event: 1908.345 Executing VM operation: ChangeSingleStep done
Event: 1908.354 Executing VM operation: RedefineClasses
Event: 1908.371 Executing VM operation: RedefineClasses done
Event: 1908.391 Executing VM operation: ChangeBreakpoints
Event: 1908.392 Executing VM operation: ChangeBreakpoints done
Event: 1908.398 Executing VM operation: ChangeSingleStep
Event: 1908.398 Executing VM operation: ChangeSingleStep done
Event: 1908.399 Executing VM operation: get/set locals
Event: 1908.399 Executing VM operation: get/set locals done
Event: 1908.406 Executing VM operation: ChangeSingleStep
Event: 1908.406 Executing VM operation: ChangeSingleStep done
Event: 1908.582 Executing VM operation: get/set locals
Event: 1908.582 Executing VM operation: get/set locals done

Events (20 events):
Event: 1.729 loading class sun/nio/ch/IOStatus done
Event: 1.751 loading class java/time/format/DateTimeParseException
Event: 1.751 loading class java/time/DateTimeException
Event: 1.751 loading class java/time/DateTimeException done
Event: 1.751 loading class java/time/format/DateTimeParseException done
Event: 1.775 loading class java/util/stream/SortedOps$RefSortingSink
Event: 1.775 loading class java/util/stream/SortedOps$RefSortingSink done
Event: 1.805 loading class java/util/AbstractList$ListItr
Event: 1.805 loading class java/util/AbstractList$Itr
Event: 1.805 loading class java/util/AbstractList$Itr done
Event: 1.806 loading class java/util/AbstractList$ListItr done
Event: 1.814 loading class java/lang/reflect/InvocationTargetException
Event: 1.814 loading class java/lang/reflect/InvocationTargetException done
Event: 1.822 loading class java/lang/Throwable$WrappedPrintWriter
Event: 1.822 loading class java/lang/Throwable$PrintStreamOrWriter
Event: 1.822 loading class java/lang/Throwable$PrintStreamOrWriter done
Event: 1.822 loading class java/lang/Throwable$WrappedPrintWriter done
Event: 1.824 loading class java/lang/StackTraceElement$HashedModules
Event: 1.824 loading class java/lang/StackTraceElement$HashedModules done
Event: 6.854 Thread 0x00000206fb7094d0 Thread exited: 0x00000206fb7094d0


Dynamic libraries:
0x00007ff721430000 - 0x00007ff721440000 	D:\Programs\Java\jdk-17.0.3.1\bin\javaw.exe
0x00007ffa5e790000 - 0x00007ffa5e988000 	C:\WINDOWS\SYSTEM32\ntdll.dll
0x00007ffa31060000 - 0x00007ffa31077000 	C:\Program Files\AVAST Software\Avast\aswhook.dll
0x00007ffa5d7e0000 - 0x00007ffa5d89d000 	C:\WINDOWS\System32\KERNEL32.DLL
0x00007ffa5beb0000 - 0x00007ffa5c17e000 	C:\WINDOWS\System32\KERNELBASE.dll
0x00007ffa5c4b0000 - 0x00007ffa5c5b0000 	C:\WINDOWS\System32\ucrtbase.dll
0x00007ffa47010000 - 0x00007ffa47028000 	D:\Programs\Java\jdk-17.0.3.1\bin\jli.dll
0x00007ffa5d340000 - 0x00007ffa5d3ee000 	C:\WINDOWS\System32\ADVAPI32.dll
0x00007ffa5cc00000 - 0x00007ffa5cc9e000 	C:\WINDOWS\System32\msvcrt.dll
0x00007ffa5d470000 - 0x00007ffa5d50c000 	C:\WINDOWS\System32\sechost.dll
0x00007ffa5d510000 - 0x00007ffa5d635000 	C:\WINDOWS\System32\RPCRT4.dll
0x00007ffa5d080000 - 0x00007ffa5d220000 	C:\WINDOWS\System32\USER32.dll
0x00007ffa5c2e0000 - 0x00007ffa5c302000 	C:\WINDOWS\System32\win32u.dll
0x00007ffa5cca0000 - 0x00007ffa5ccca000 	C:\WINDOWS\System32\GDI32.dll
0x00007ffa5c3a0000 - 0x00007ffa5c4ab000 	C:\WINDOWS\System32\gdi32full.dll
0x00007ffa5c6b0000 - 0x00007ffa5c74d000 	C:\WINDOWS\System32\msvcp_win.dll
0x00007ffa47030000 - 0x00007ffa4704a000 	D:\Programs\Java\jdk-17.0.3.1\bin\VCRUNTIME140.dll
0x00007ffa4b0e0000 - 0x00007ffa4b37a000 	C:\WINDOWS\WinSxS\amd64_microsoft.windows.common-controls_6595b64144ccf1df_6.0.19041.1110_none_60b5254171f9507e\COMCTL32.dll
0x00007ffa54930000 - 0x00007ffa5493a000 	C:\WINDOWS\SYSTEM32\VERSION.dll
0x00007ffa5e0a0000 - 0x00007ffa5e0d0000 	C:\WINDOWS\System32\IMM32.DLL
0x00007ffa56280000 - 0x00007ffa5628c000 	D:\Programs\Java\jdk-17.0.3.1\bin\vcruntime140_1.dll
0x00007ff9ed210000 - 0x00007ff9ed29d000 	D:\Programs\Java\jdk-17.0.3.1\bin\msvcp140.dll
0x00007ff9ec650000 - 0x00007ff9ed210000 	D:\Programs\Java\jdk-17.0.3.1\bin\server\jvm.dll
0x00007ffa5d8a0000 - 0x00007ffa5d8a8000 	C:\WINDOWS\System32\PSAPI.DLL
0x00007ffa47d70000 - 0x00007ffa47d79000 	C:\WINDOWS\SYSTEM32\WSOCK32.dll
0x00007ffa507c0000 - 0x00007ffa507e7000 	C:\WINDOWS\SYSTEM32\WINMM.dll
0x00007ffa5d400000 - 0x00007ffa5d46b000 	C:\WINDOWS\System32\WS2_32.dll
0x00007ffa59db0000 - 0x00007ffa59dc2000 	C:\WINDOWS\SYSTEM32\kernel.appcore.dll
0x00007ffa40ee0000 - 0x00007ffa40eea000 	D:\Programs\Java\jdk-17.0.3.1\bin\jimage.dll
0x00007ffa51ae0000 - 0x00007ffa51cc4000 	C:\WINDOWS\SYSTEM32\DBGHELP.DLL
0x00007ffa51900000 - 0x00007ffa5192c000 	C:\WINDOWS\SYSTEM32\dbgcore.DLL
0x00007ffa5c310000 - 0x00007ffa5c392000 	C:\WINDOWS\System32\bcryptPrimitives.dll
0x00007ffa493e0000 - 0x00007ffa4941b000 	D:\Programs\Java\jdk-17.0.3.1\bin\jdwp.dll
0x00007ffa57a50000 - 0x00007ffa57a5e000 	D:\Programs\Java\jdk-17.0.3.1\bin\instrument.dll
0x00007ffa05f60000 - 0x00007ffa05f85000 	D:\Programs\Java\jdk-17.0.3.1\bin\java.dll
0x00007ff9ec570000 - 0x00007ff9ec646000 	D:\Programs\Java\jdk-17.0.3.1\bin\jsvml.dll
0x00007ffa5d8d0000 - 0x00007ffa5e014000 	C:\WINDOWS\System32\SHELL32.dll
0x00007ffa59fb0000 - 0x00007ffa5a744000 	C:\WINDOWS\SYSTEM32\windows.storage.dll
0x00007ffa5c7f0000 - 0x00007ffa5cb44000 	C:\WINDOWS\System32\combase.dll
0x00007ffa5b8a0000 - 0x00007ffa5b8d0000 	C:\WINDOWS\SYSTEM32\Wldp.dll
0x00007ffa5cd30000 - 0x00007ffa5cddd000 	C:\WINDOWS\System32\SHCORE.dll
0x00007ffa5e280000 - 0x00007ffa5e2d5000 	C:\WINDOWS\System32\shlwapi.dll
0x00007ffa5bdf0000 - 0x00007ffa5be0f000 	C:\WINDOWS\SYSTEM32\profapi.dll
0x00007ffa57a40000 - 0x00007ffa57a4c000 	D:\Programs\Java\jdk-17.0.3.1\bin\dt_socket.dll
0x00007ffa5b290000 - 0x00007ffa5b2cb000 	C:\WINDOWS\SYSTEM32\IPHLPAPI.DLL
0x00007ffa5b600000 - 0x00007ffa5b66a000 	C:\WINDOWS\system32\mswsock.dll
0x00007ffa5b2d0000 - 0x00007ffa5b39a000 	C:\WINDOWS\SYSTEM32\DNSAPI.dll
0x00007ffa5d7d0000 - 0x00007ffa5d7d8000 	C:\WINDOWS\System32\NSI.dll
0x00007ffa559c0000 - 0x00007ffa559ca000 	C:\Windows\System32\rasadhlp.dll
0x00007ffa49840000 - 0x00007ffa498c0000 	C:\WINDOWS\System32\fwpuclnt.dll
0x00007ffa5c7c0000 - 0x00007ffa5c7e7000 	C:\WINDOWS\System32\bcrypt.dll
0x00007ffa07bc0000 - 0x00007ffa07bd8000 	D:\Programs\Java\jdk-17.0.3.1\bin\zip.dll
0x00007ffa2e810000 - 0x00007ffa2e829000 	D:\Programs\Java\jdk-17.0.3.1\bin\net.dll
0x00007ffa4a910000 - 0x00007ffa4aa1a000 	C:\WINDOWS\SYSTEM32\WINHTTP.dll
0x00007ffa07fa0000 - 0x00007ffa07fb6000 	D:\Programs\Java\jdk-17.0.3.1\bin\nio.dll
0x00007ffa56ee0000 - 0x00007ffa56ef0000 	D:\Programs\Java\jdk-17.0.3.1\bin\verify.dll
0x00007ffa525c0000 - 0x00007ffa525d7000 	C:\WINDOWS\SYSTEM32\dhcpcsvc6.DLL
0x00007ffa54700000 - 0x00007ffa5471d000 	C:\WINDOWS\SYSTEM32\dhcpcsvc.DLL

dbghelp: loaded successfully - version: 4.0.5 - missing functions: none
symbol engine: initialized successfully - sym options: 0x614 - pdb path: .;D:\Programs\Java\jdk-17.0.3.1\bin;C:\WINDOWS\SYSTEM32;C:\Program Files\AVAST Software\Avast;C:\WINDOWS\WinSxS\amd64_microsoft.windows.common-controls_6595b64144ccf1df_6.0.19041.1110_none_60b5254171f9507e;D:\Programs\Java\jdk-17.0.3.1\bin\server

VM Arguments:
jvm_args: -XX:+ShowCodeDetailsInExceptionMessages -agentlib:jdwp=transport=dt_socket,suspend=y,address=localhost:1239 -ea -javaagent:D:\Programs\Java\eclipse\eclipse\configuration\org.eclipse.osgi\225\0\.cp\lib\javaagent-shaded.jar -Dfile.encoding=Cp1251 
java_command: org.eclipse.jdt.internal.junit.runner.RemoteTestRunner -version 3 -port 1238 -testLoaderClass org.eclipse.jdt.internal.junit5.runner.JUnit5TestLoader -loaderpluginname org.eclipse.jdt.junit5.runtime -packageNameFile C:\Users\Michael\AppData\Local\Temp\packageNames3200365463228733601.txt
java_class_path (initial): D:\Programs\Java\eclipse-workspace\enumerations\bin;C:\Users\Michael\.p2\pool\plugins\org.junit.jupiter.api_5.8.1.v20211018-1956.jar;C:\Users\Michael\.p2\pool\plugins\org.junit.jupiter.engine_5.8.1.v20211018-1956.jar;C:\Users\Michael\.p2\pool\plugins\org.junit.jupiter.migrationsupport_5.8.1.v20211018-1956.jar;C:\Users\Michael\.p2\pool\plugins\org.junit.jupiter.params_5.8.1.v20211018-1956.jar;C:\Users\Michael\.p2\pool\plugins\org.junit.platform.commons_1.8.1.v20211018-1956.jar;C:\Users\Michael\.p2\pool\plugins\org.junit.platform.engine_1.8.1.v20211018-1956.jar;C:\Users\Michael\.p2\pool\plugins\org.junit.platform.launcher_1.8.1.v20211018-1956.jar;C:\Users\Michael\.p2\pool\plugins\org.junit.platform.runner_1.8.1.v20211018-1956.jar;C:\Users\Michael\.p2\pool\plugins\org.junit.platform.suite.api_1.8.1.v20211018-1956.jar;C:\Users\Michael\.p2\pool\plugins\org.junit.platform.suite.engine_1.8.1.v20211028-1957.jar;C:\Users\Michael\.p2\pool\plugins\org.junit.platform.suite.commons_1.8.1.v20211018-1956.jar;C:\Users\Michael\.p2\pool\plugins\org.junit.vintage.engine_5.8.1.v20211018-1956.jar;C:\Users\Michael\.p2\pool\plugins\org.opentest4j_1.2.0.v20211018-1956.jar;C:\Users\Michael\.p2\pool\plugins\org.apiguardian_1.1.2.v20211018-1956.jar;C:\Users\Michael\.p2\pool\plugins\org.junit_4.13.2.v20211018-1956.jar;C:\Users\Michael\.p2\pool\plugins\org.hamcrest.core_1.3.0.v20180420-1519.jar;D:\Programs\Java\eclipse\eclipse\configuration\org.eclipse.osgi\224\0\.cp;D:\Programs\Java\eclipse\eclipse\configuration\org.eclipse.osgi\222\0\.cp
Launcher Type: SUN_STANDARD

[Global flags]
     intx CICompilerCount                          = 3                                         {product} {ergonomic}
     uint ConcGCThreads                            = 1                                         {product} {ergonomic}
     uint G1ConcRefinementThreads                  = 4                                         {product} {ergonomic}
   size_t G1HeapRegionSize                         = 1048576                                   {product} {ergonomic}
    uintx GCDrainStackTargetSize                   = 64                                        {product} {ergonomic}
   size_t InitialHeapSize                          = 134217728                                 {product} {ergonomic}
   size_t MarkStackSize                            = 4194304                                   {product} {ergonomic}
   size_t MaxHeapSize                              = 2128609280                                {product} {ergonomic}
   size_t MaxNewSize                               = 1277165568                                {product} {ergonomic}
   size_t MinHeapDeltaBytes                        = 1048576                                   {product} {ergonomic}
   size_t MinHeapSize                              = 8388608                                   {product} {ergonomic}
    uintx NonNMethodCodeHeapSize                   = 5832780                                {pd product} {ergonomic}
    uintx NonProfiledCodeHeapSize                  = 122912730                              {pd product} {ergonomic}
    uintx ProfiledCodeHeapSize                     = 122912730                              {pd product} {ergonomic}
    uintx ReservedCodeCacheSize                    = 251658240                              {pd product} {ergonomic}
     bool SegmentedCodeCache                       = true                                      {product} {ergonomic}
     bool ShowCodeDetailsInExceptionMessages       = true                                   {manageable} {command line}
   size_t SoftMaxHeapSize                          = 2128609280                             {manageable} {ergonomic}
     bool UseCompressedClassPointers               = true                           {product lp64_product} {ergonomic}
     bool UseCompressedOops                        = true                           {product lp64_product} {ergonomic}
     bool UseG1GC                                  = true                                      {product} {ergonomic}
     bool UseLargePagesIndividualAllocation        = false                                  {pd product} {ergonomic}

Logging:
Log output configuration:
 #0: stdout all=warning uptime,level,tags
 #1: stderr all=off uptime,level,tags

Environment Variables:
PATH=C:\PROGRAM FILES\COMMON FILES\ORACLE\JAVA\JAVAPATH;C:\WINDOWS\SYSTEM32;C:\WINDOWS;C:\WINDOWS\SYSTEM32\WBEM;C:\WINDOWS\SYSTEM32\WINDOWSPOWERSHELL\V1.0\;C:\WINDOWS\SYSTEM32\OPENSSH\;C:\PROGRAM FILES\GIT\CMD;C:\PROGRAM FILES\NODEJS\;;C:\Users\Michael\AppData\Local\Microsoft\WindowsApps;C:\Users\Michael\AppData\Local\Programs\Microsoft VS Code\bin;C:\Users\Michael\AppData\Roaming\npm
USERNAME=Michael
OS=Windows_NT
PROCESSOR_IDENTIFIER=Intel64 Family 6 Model 69 Stepping 1, GenuineIntel



---------------  S Y S T E M  ---------------

OS:
 Windows 10 , 64 bit Build 19041 (10.0.19041.1889)
OS uptime: 0 days 3:38 hours

CPU: total 4 (initial active 4) (2 cores per cpu, 2 threads per core) family 6 model 69 stepping 1 microcode 0x25, cx8, cmov, fxsr, ht, mmx, sse, sse2, sse3, ssse3, sse4.1, sse4.2, popcnt, lzcnt, tsc, tscinvbit, avx, avx2, aes, erms, clmul, bmi1, bmi2, fma, vzeroupper, clflush

Memory: 4k page, system-wide physical 8119M (2500M free)
TotalPageFile size 9143M (AvailPageFile size 1101M)
current process WorkingSet (physical memory assigned to process): 70M, peak: 78M
current process commit charge ("private bytes"): 215M, peak: 222M

vm_info: Java HotSpot(TM) 64-Bit Server VM (17.0.3.1+2-LTS-6) for windows-amd64 JRE (17.0.3.1+2-LTS-6), built on Apr 25 2022 22:04:21 by "mach5one" with MS VC++ 16.8 / 16.9 (VS2019)

END.
